<?xml version="1.0" encoding="UTF-8"?>
<!-- Generated by org.testng.reporters.JUnitReportReporter -->
<testsuite hostname="macos-C02XP0SAJG5J" failures="0" tests="1" name="TestCases.Scenario1_Test_AutomationPanda" time="8.718" errors="0" timestamp="2023-08-28T01:11:26 IST" skipped="0">
  <testcase classname="TestCases.Scenario1_Test_AutomationPanda" name="TestAutomationPanda1" time="8.718"/>
</testsuite> <!-- TestCases.Scenario1_Test_AutomationPanda -->
