<?xml version="1.0" encoding="UTF-8"?>
<!-- Generated by org.testng.reporters.JUnitReportReporter -->
<testsuite hostname="macos-C02XP0SAJG5J" failures="0" tests="1" name="TestCases.Scenario2_Test_Flipkart" time="15.360" errors="0" timestamp="2023-08-28T01:11:26 IST" skipped="0">
  <testcase classname="TestCases.Scenario2_Test_Flipkart" name="TestFlipkart" time="15.360"/>
</testsuite> <!-- TestCases.Scenario2_Test_Flipkart -->
